* installing *source* package ‘POMA’ ...
** using staged installation
** R
** data
*** moving datasets to lazyload DB
** inst
** byte-compile and prepare package for lazy loading
Warning in fun(libname, pkgname) :
  mzR has been built against a different Rcpp version (1.0.2)
than is installed on your system (1.0.4.6). This might lead to errors
when loading mzR. If you encounter such issues, please send a report,
including the output of sessionInfo() to the Bioc support forum at 
https://support.bioconductor.org/. For details see also
https://github.com/sneumann/mzR/wiki/mzR-Rcpp-compiler-linker-issue.
** help
*** installing help indices
*** copying figures
** building package indices
** installing vignettes
** testing if installed package can be loaded from temporary location
Warning in fun(libname, pkgname) :
  mzR has been built against a different Rcpp version (1.0.2)
than is installed on your system (1.0.4.6). This might lead to errors
when loading mzR. If you encounter such issues, please send a report,
including the output of sessionInfo() to the Bioc support forum at 
https://support.bioconductor.org/. For details see also
https://github.com/sneumann/mzR/wiki/mzR-Rcpp-compiler-linker-issue.
[1m[33mWelcome to POMA![39m[22m
[34m✔[39m [1m[33m1.5.0.9000 version[39m[22m
[34m✔[39m [1m[33mPOMA Shiny version: http://polcastellano.shinyapps.io/POMA/[39m[22m
[34m✔[39m [1m[33mPOMAcounts Shiny module (for mass spectrometry spectral counts): http://uebshiny.vhir.org:3838/POMAcounts[39m[22m
[34mℹ[39m [1m[33mFor more detailed package information please visit https://pcastellanoescuder.github.io/POMA/[39m[22m
** testing if installed package can be loaded from final location
Warning in fun(libname, pkgname) :
  mzR has been built against a different Rcpp version (1.0.2)
than is installed on your system (1.0.4.6). This might lead to errors
when loading mzR. If you encounter such issues, please send a report,
including the output of sessionInfo() to the Bioc support forum at 
https://support.bioconductor.org/. For details see also
https://github.com/sneumann/mzR/wiki/mzR-Rcpp-compiler-linker-issue.
[1m[33mWelcome to POMA![39m[22m
[34m✔[39m [1m[33m1.5.0.9000 version[39m[22m
[34m✔[39m [1m[33mPOMA Shiny version: http://polcastellano.shinyapps.io/POMA/[39m[22m
[34m✔[39m [1m[33mPOMAcounts Shiny module (for mass spectrometry spectral counts): http://uebshiny.vhir.org:3838/POMAcounts[39m[22m
[34mℹ[39m [1m[33mFor more detailed package information please visit https://pcastellanoescuder.github.io/POMA/[39m[22m
** testing if installed package keeps a record of temporary installation path
* DONE (POMA)
